Arguments: 
  /opt/homebrew/Cellar/node/18.9.0/bin/node /opt/homebrew/Cellar/yarn/1.22.19/libexec/bin/yarn.js publish

PATH: 
  /opt/homebrew/bin:/opt/homebrew/sbin:/usr/local/bin:/usr/bin:/bin:/usr/sbin:/sbin:/opt/X11/bin:/opt/homebrew/bin:/opt/homebrew/sbin

Yarn version: 
  1.22.19

Node version: 
  18.9.0

Platform: 
  darwin arm64

Trace: 
  Error: https://registry.yarnpkg.com/-/user/org.couchdb.user:dansholds: That email has already been registered.
      at params.callback [as _callback] (/opt/homebrew/Cellar/yarn/1.22.19/libexec/lib/cli.js:66145:18)
      at self.callback (/opt/homebrew/Cellar/yarn/1.22.19/libexec/lib/cli.js:140890:22)
      at Request.emit (node:events:513:28)
      at Request.<anonymous> (/opt/homebrew/Cellar/yarn/1.22.19/libexec/lib/cli.js:141862:10)
      at Request.emit (node:events:513:28)
      at IncomingMessage.<anonymous> (/opt/homebrew/Cellar/yarn/1.22.19/libexec/lib/cli.js:141784:12)
      at Object.onceWrapper (node:events:627:28)
      at IncomingMessage.emit (node:events:525:35)
      at endReadableNT (node:internal/streams/readable:1359:12)
      at process.processTicksAndRejections (node:internal/process/task_queues:82:21)

npm manifest: 
  {
    "name": "@dshbuilds/gitlab-npm-audit-parser",
    "version": "1.0.2",
    "description": "NPM Audit parser for GitLab dependency scanning",
    "bin": "dist/parse.js",
    "main": "dist/parse.js",
    "files": [
      "./dist/**"
    ],
    "directories": {
      "test": "test"
    },
    "scripts": {
      "build": "npm run --silent build:prod --",
      "build-watch": "webpack --mode=production --watch",
      "build:prod": "webpack --mode=production --node-env=production",
      "prepublishOnly": "npm test && eslint . --ext md,mdx",
      "lint": "eslint . --ext js,md,mdx",
      "format": "npm run --silent lint -- --fix",
      "pretest": "npm run --silent build",
      "test": "npm run --silent test:prod --",
      "test-debug": "jest --runInBand",
      "test:prod": "jest"
    },
    "repository": {
      "type": "git",
      "url": "git@github.com:dshbuilds/gitlab-npm-audit-parser.git"
    },
    "keywords": [
      "gitlab",
      "npm",
      "CI",
      "dependency-scan",
      "audit",
      "vulnerabilities",
      "report",
      "json",
      "dshbuilds",
      "convert"
    ],
    "author": "Maxime Gibeau",
    "contributors": [
      {
        "name": "Eric Peterson",
        "email": "eric@elpete.com",
        "url": "https://github.com/elpete"
      },
      {
        "name": "dshbuilds",
        "email": "dshbuilds@gmail.com",
        "url": "https://github.com/dshbuilds"
      }
    ],
    "engines": {
      "node": ">=10.24",
      "npm": ">=7.0"
    },
    "jest": {
      "setupFilesAfterEnv": [
        "<rootDir>/test/setupTests.js"
      ],
      "transformIgnorePatterns": [],
      "watchPathIgnorePatterns": [
        "<rootDir>/(?!(dist|test)/)"
      ]
    },
    "license": "MIT",
    "devDependencies": {
      "@babel/core": "^7.14.8",
      "@babel/preset-env": "^7.14.8",
      "@gitlab-org/security-report-schemas": "^14.0.3",
      "babel-jest": "^27.0.6",
      "commander": "^7.2.0",
      "eslint": "^7.26.0",
      "eslint-config-airbnb-base": "^14.2.1",
      "eslint-config-prettier": "^8.3.0",
      "eslint-plugin-import": "^2.23.2",
      "eslint-plugin-jest": "^24.3.6",
      "eslint-plugin-mdx": "^1.0.1",
      "eslint-plugin-prettier": "^3.4.0",
      "eslint-webpack-plugin": "^3.0.1",
      "jest": "^27.0.6",
      "jsonschema": "^1.4.0",
      "npm-audit-v1": "npm:npm-audit-report@^1.3.3",
      "npm-audit-v2": "npm:npm-audit-report@^2.1.4",
      "prettier": "^2.3.0",
      "remark-lint-alphabetize-lists": "^3.0.0",
      "remark-lint-no-dead-urls": "^1.1.0",
      "remark-preset-lint-consistent": "^4.0.0",
      "remark-preset-lint-markdown-style-guide": "^4.0.0",
      "remark-preset-lint-recommended": "^5.0.0",
      "remark-preset-prettier": "^0.5.1",
      "replace-in-file": "^6.2.0",
      "webpack": "^5.37.0",
      "webpack-cli": "^4.7.0",
      "webpack-shebang-plugin": "^1.1.4"
    }
  }

yarn manifest: 
  No manifest

Lockfile: 
  No lockfile
